<?xml version="1.0" encoding="UTF-8"?>
<testsuite name="VehicleTest" tests="2" skipped="0" failures="0" errors="0" timestamp="2024-08-15T07:31:39" hostname="Use" time="0.022">
  <properties/>
  <testcase name="addToll_toString_equal()" classname="VehicleTest" time="0.02"/>
  <testcase name="constructor_toString_equal()" classname="VehicleTest" time="0.001"/>
  <system-out><![CDATA[]]></system-out>
  <system-err><![CDATA[]]></system-err>
</testsuite>
