<?xml version="1.0" encoding="UTF-8"?>
<testsuite name="TollRoadTest" tests="2" skipped="0" failures="0" errors="0" timestamp="2024-08-15T07:31:40" hostname="Use" time="0.003">
  <properties/>
  <testcase name="getVehicleReportByDescription_multipleVehicles_returnsSortedVehicles()" classname="TollRoadTest" time="0.001"/>
  <testcase name="getVehicleReportByState_multipleVehicles_returnsSortedVehicles()" classname="TollRoadTest" time="0.001"/>
  <system-out><![CDATA[]]></system-out>
  <system-err><![CDATA[]]></system-err>
</testsuite>
